<?xml version="1.0" encoding="UTF-8"?>
<!-- Generated by org.testng.reporters.JUnitReportReporter -->
<testsuite skipped="0" hostname="DESKTOP-0FJT81L" name="com.assignment2.testcases.SwagLabsLoginTest" tests="1" failures="0" timestamp="30 Sep 2019 02:27:43 GMT" time="15.462" errors="0">
  <testcase name="userloginTest" time="15.462" classname="com.assignment2.testcases.SwagLabsLoginTest"/>
</testsuite> <!-- com.assignment2.testcases.SwagLabsLoginTest -->
