<?xml version="1.0" encoding="UTF-8"?>
<!-- Generated by org.testng.reporters.JUnitReportReporter -->
<testsuite skipped="0" hostname="DESKTOP-0FJT81L" name="com.assignment2.testcases.SwagLabsLoginTest" tests="1" failures="0" timestamp="04 Oct 2019 06:20:54 GMT" time="33.085" errors="0">
  <testcase name="swagLabTest" time="33.085" classname="com.assignment2.testcases.SwagLabsLoginTest"/>
</testsuite> <!-- com.assignment2.testcases.SwagLabsLoginTest -->
